--------------------------------------------------------------------------------
Release 13.4 Trace  (lin64)
Copyright (c) 1995-2011 Xilinx, Inc.  All rights reserved.

/opt/Xilinx/13.4/ISE_DS/ISE/bin/lin64/unwrapped/trce -intstyle ise -v 3 -s 5 -n
3 -fastpaths -xml demux_12.twx demux_12.ncd -o demux_12.twr demux_12.pcf -ucf
demux12_ucf.ucf

Design file:              demux_12.ncd
Physical constraint file: demux_12.pcf
Device,package,speed:     xc3s500e,fg320,-5 (PRODUCTION 1.27 2012-01-07)
Report level:             verbose report

Environment Variable      Effect 
--------------------      ------ 
NONE                      No environment variables were set
--------------------------------------------------------------------------------

INFO:Timing:2698 - No timing constraints found, doing default enumeration.
INFO:Timing:3412 - To improve timing, see the Timing Closure User Guide (UG612).
INFO:Timing:2752 - To get complete path coverage, use the unconstrained paths 
   option. All paths that are not constrained will be reported in the 
   unconstrained paths section(s) of the report.
INFO:Timing:3339 - The clock-to-out numbers in this timing report are based on 
   a 50 Ohm transmission line loading model.  For the details of this model, 
   and for more information on accounting for different loading conditions, 
   please see the device datasheet.
INFO:Timing:3390 - This architecture does not support a default System Jitter 
   value, please add SYSTEM_JITTER constraint to the UCF to modify the Clock 
   Uncertainty calculation.
INFO:Timing:3389 - This architecture does not support 'Discrete Jitter' and 
   'Phase Error' calculations, these terms will be zero in the Clock 
   Uncertainty calculation.  Please make appropriate modification to 
   SYSTEM_JITTER to account for the unsupported Discrete Jitter and Phase 
   Error.



Data Sheet report:
-----------------
All values displayed in nanoseconds (ns)

Pad to Pad
---------------+---------------+---------+
Source Pad     |Destination Pad|  Delay  |
---------------+---------------+---------+
d              |y0             |    9.270|
d              |y1             |    9.503|
s              |y0             |    8.668|
s              |y1             |    8.951|
---------------+---------------+---------+


Analysis completed Tue Oct  8 00:27:52 2019 
--------------------------------------------------------------------------------

Trace Settings:
-------------------------
Trace Settings 

Peak Memory Usage: 347 MB



