Running: /opt/Xilinx/13.4/ISE_DS/ISE/bin/lin64/unwrapped/fuse -intstyle ise -incremental -lib unisims_ver -lib unimacro_ver -lib xilinxcorelib_ver -lib secureip -o /home/susiejojo/Sems/Sem3/VLSID/Assignment2/enc_83_test_isim_beh.exe -prj /home/susiejojo/Sems/Sem3/VLSID/Assignment2/enc_83_test_beh.prj work.enc_83_test work.glbl 
ISim O.87xd (signature 0x8ddf5b5d)
Number of CPUs detected in this system: 8
Turning on mult-threading, number of parallel sub-compilation jobs: 16 
Determining compilation order of HDL files
Analyzing Verilog file "/home/susiejojo/Sems/Sem3/VLSID/Assignment2/encoder_83.v" into library work
Analyzing Verilog file "/home/susiejojo/Sems/Sem3/VLSID/Assignment2/enc_83_test.v" into library work
Analyzing Verilog file "/opt/Xilinx/13.4/ISE_DS/ISE//verilog/src/glbl.v" into library work
Starting static elaboration
Completed static elaboration
Fuse Memory Usage: 95032 KB
Fuse CPU Usage: 1040 ms
Compiling module encoder_83
Compiling module enc_83_test
Compiling module glbl
Time Resolution for simulation is 1ps.
Waiting for 1 sub-compilation(s) to finish...
Compiled 3 Verilog Units
Built simulation executable /home/susiejojo/Sems/Sem3/VLSID/Assignment2/enc_83_test_isim_beh.exe
Fuse Memory Usage: 1179620 KB
Fuse CPU Usage: 1080 ms
GCC CPU Usage: 820 ms
