ISim log file
Running: /home/susiejojo/Sems/Sem3/VLSID/Assignment1/Assignment1/xorgate_test_isim_beh.exe -intstyle ise -gui -tclbatch isim.cmd -wdb /home/susiejojo/Sems/Sem3/VLSID/Assignment1/Assignment1/xorgate_test_isim_beh.wdb 
INFO: There is another simulation running in the same directory. Using database file name isim2.wdb.
ISim O.87xd (signature 0x8ddf5b5d)
WARNING: A WEBPACK license was found.
WARNING: Please use Xilinx License Configuration Manager to check out a full ISim license.
WARNING: ISim will run in Lite mode. Please refer to the ISim documentation for more information on the differences between the Lite and the Full version.
This is a Lite version of ISim.
Time resolution is 1 ps
# onerror resume
# wave add /
# run 1000 ns
Simulator is doing circuit initialization process.
Finished circuit initialization process.
a=0 b=0 y=0

a=0 b=1 y=1

a=1 b=0 y=1

a=1 b=1 y=0

# exit 0
# exit 0
# exit 0
